Jello_Jump/Temp/gradleOut/launcher/build/intermediates/manifest_merge_blame_file/release/manifest-merger-blame-release-report.txt
1<?xml version="1.0" encoding="utf-8"?>
2<!-- GENERATED BY UNITY. REMOVE THIS COMMENT TO PREVENT OVERWRITING WHEN EXPORTING AGAIN -->
3<manifest xmlns:android="http://schemas.android.com/apk/res/android"
4    package="com.ChaenaK.Jello_Jump"
5    android:installLocation="preferExternal"
6    android:versionCode="1"
7    android:versionName="1.0" >
8
9    <uses-sdk
10        android:minSdkVersion="19"
10-->src/main/AndroidManifest.xml
11        android:targetSdkVersion="30" />
11-->src/main/AndroidManifest.xml
12
13    <supports-screens
13-->src/main/AndroidManifest.xml:4:3-163
14        android:anyDensity="true"
14-->src/main/AndroidManifest.xml:4:135-160
15        android:largeScreens="true"
15-->src/main/AndroidManifest.xml:4:78-105
16        android:normalScreens="true"
16-->src/main/AndroidManifest.xml:4:49-77
17        android:smallScreens="true"
17-->src/main/AndroidManifest.xml:4:21-48
18        android:xlargeScreens="true" />
18-->src/main/AndroidManifest.xml:4:106-134
19
20    <uses-feature android:glEsVersion="0x00030000" />
20-->[:unityLibrary] AndroidManifest.xml:13:5-54
20-->[:unityLibrary] AndroidManifest.xml:13:19-51
21    <uses-feature
21-->[:unityLibrary] AndroidManifest.xml:14:5-16:36
22        android:name="android.hardware.vulkan.version"
22-->[:unityLibrary] AndroidManifest.xml:15:9-55
23        android:required="false" />
23-->[:unityLibrary] AndroidManifest.xml:16:9-33
24    <uses-feature
24-->[:unityLibrary] AndroidManifest.xml:17:5-19:36
25        android:name="android.hardware.touchscreen"
25-->[:unityLibrary] AndroidManifest.xml:18:9-52
26        android:required="false" />
26-->[:unityLibrary] AndroidManifest.xml:19:9-33
27    <uses-feature
27-->[:unityLibrary] AndroidManifest.xml:20:5-22:36
28        android:name="android.hardware.touchscreen.multitouch"
28-->[:unityLibrary] AndroidManifest.xml:21:9-63
29        android:required="false" />
29-->[:unityLibrary] AndroidManifest.xml:22:9-33
30    <uses-feature
30-->[:unityLibrary] AndroidManifest.xml:23:5-25:36
31        android:name="android.hardware.touchscreen.multitouch.distinct"
31-->[:unityLibrary] AndroidManifest.xml:24:9-72
32        android:required="false" />
32-->[:unityLibrary] AndroidManifest.xml:25:9-33
33
34    <application
34-->src/main/AndroidManifest.xml:5:3-116
35        android:extractNativeLibs="true"
35-->src/main/AndroidManifest.xml:5:16-48
36        android:icon="@mipmap/app_icon"
36-->src/main/AndroidManifest.xml:5:82-113
37        android:label="@string/app_name" >
37-->src/main/AndroidManifest.xml:5:49-81
38        <activity
38-->[:unityLibrary] AndroidManifest.xml:28:9-55:20
39            android:name="com.unity3d.player.UnityPlayerActivity"
39-->[:unityLibrary] AndroidManifest.xml:29:13-66
40            android:configChanges="mcc|mnc|locale|touchscreen|keyboard|keyboardHidden|navigation|orientation|screenLayout|uiMode|screenSize|smallestScreenSize|fontScale|layoutDirection|density"
40-->[:unityLibrary] AndroidManifest.xml:30:13-194
41            android:hardwareAccelerated="false"
41-->[:unityLibrary] AndroidManifest.xml:31:13-48
42            android:launchMode="singleTask"
42-->[:unityLibrary] AndroidManifest.xml:32:13-44
43            android:resizeableActivity="false"
43-->[:unityLibrary] AndroidManifest.xml:33:13-47
44            android:screenOrientation="sensorPortrait"
44-->[:unityLibrary] AndroidManifest.xml:34:13-55
45            android:theme="@style/UnityThemeSelector" >
45-->[:unityLibrary] AndroidManifest.xml:35:13-54
46            <intent-filter>
46-->[:unityLibrary] AndroidManifest.xml:36:13-40:29
47                <action android:name="android.intent.action.MAIN" />
47-->[:unityLibrary] AndroidManifest.xml:37:17-69
47-->[:unityLibrary] AndroidManifest.xml:37:25-66
48
49                <category android:name="android.intent.category.LAUNCHER" />
49-->[:unityLibrary] AndroidManifest.xml:39:17-77
49-->[:unityLibrary] AndroidManifest.xml:39:27-74
50            </intent-filter>
51
52            <meta-data
52-->[:unityLibrary] AndroidManifest.xml:42:13-44:40
53                android:name="unityplayer.UnityActivity"
53-->[:unityLibrary] AndroidManifest.xml:43:17-57
54                android:value="true" />
54-->[:unityLibrary] AndroidManifest.xml:44:17-37
55
56            <layout
56-->[:unityLibrary] AndroidManifest.xml:46:13-50:44
57                android:defaultHeight="1080px"
57-->[:unityLibrary] AndroidManifest.xml:47:17-47
58                android:defaultWidth="1920px"
58-->[:unityLibrary] AndroidManifest.xml:48:17-46
59                android:minHeight="300px"
59-->[:unityLibrary] AndroidManifest.xml:49:17-42
60                android:minWidth="400px" />
60-->[:unityLibrary] AndroidManifest.xml:50:17-41
61
62            <meta-data
62-->[:unityLibrary] AndroidManifest.xml:52:13-54:40
63                android:name="android.notch_support"
63-->[:unityLibrary] AndroidManifest.xml:53:17-53
64                android:value="true" />
64-->[:unityLibrary] AndroidManifest.xml:54:17-37
65        </activity>
66
67        <meta-data
67-->[:unityLibrary] AndroidManifest.xml:57:9-59:33
68            android:name="unity.splash-mode"
68-->[:unityLibrary] AndroidManifest.xml:58:13-45
69            android:value="0" />
69-->[:unityLibrary] AndroidManifest.xml:59:13-30
70        <meta-data
70-->[:unityLibrary] AndroidManifest.xml:60:9-62:36
71            android:name="unity.splash-enable"
71-->[:unityLibrary] AndroidManifest.xml:61:13-47
72            android:value="True" />
72-->[:unityLibrary] AndroidManifest.xml:62:13-33
73        <meta-data
73-->[:unityLibrary] AndroidManifest.xml:63:9-65:37
74            android:name="unity.allow-resizable-window"
74-->[:unityLibrary] AndroidManifest.xml:64:13-56
75            android:value="False" />
75-->[:unityLibrary] AndroidManifest.xml:65:13-34
76        <meta-data
76-->[:unityLibrary] AndroidManifest.xml:66:9-68:50
77            android:name="notch.config"
77-->[:unityLibrary] AndroidManifest.xml:67:13-40
78            android:value="portrait|landscape" />
78-->[:unityLibrary] AndroidManifest.xml:68:13-47
79        <meta-data
79-->[:unityLibrary] AndroidManifest.xml:69:9-71:68
80            android:name="unity.build-id"
80-->[:unityLibrary] AndroidManifest.xml:70:13-42
81            android:value="8cb86cf9-3f0f-48d8-a051-31b44b17a932" />
81-->[:unityLibrary] AndroidManifest.xml:71:13-65
82    </application>
83
84</manifest>